2022-11-08 19:37:05,576 [main] JP.co.esm.caddies.jomt.Jude <INFO> - #### === Professional 8.5.0 / 39c620 ==============================
2022-11-08 19:37:05,576 [main] JP.co.esm.caddies.jomt.Jude <INFO> - start program args []
2022-11-08 19:37:05,576 [main] JP.co.esm.caddies.jomt.Jude <INFO> - start vm args [-Xms16m, -Xmx512m, -Dsun.java2d.d3d=false, -Djava.library.path=lib\rlm]
2022-11-08 19:37:05,591 [main] JP.co.esm.caddies.jomt.jsystem.k <INFO> - jude property file not found. It is created at the time of the end of application.
2022-11-08 19:37:06,778 [AWT-EventQueue-0] JP.co.esm.caddies.jomt.jview.swing.f <INFO> - maybe initial value of system property.
2022-11-08 19:37:20,385 [Thread-3] JP.co.esm.caddies.jomt.jutil.Z <INFO> - This is the latest version of Astah.
2022-11-08 20:28:28,609 [AWT-EventQueue-0] JP.co.esm.caddies.uml.mindmap.MMUserIconManager <INFO> - file: C:\Users\allan\.astah\professional\JudeMMUserIconP.xml
2022-11-08 22:11:49,574 [AWT-EventQueue-0] JP.co.esm.caddies.golf.model.EntityStore <INFO> - saveAs: C:\Users\allan\OneDrive\Área de Trabalho\Class Diagram0.asta
2022-11-08 22:11:49,605 [AWT-EventQueue-0] JP.co.esm.caddies.jomt.jutil.m <INFO> - stack=5m
2022-11-08 22:11:49,886 [AWT-EventQueue-0] JP.co.esm.caddies.uml.mindmap.MMUserIconManager <INFO> - file: C:\Users\allan\.astah\professional\JudeMMUserIconP.xml
2022-11-08 22:11:49,902 [AWT-EventQueue-0] JP.co.esm.caddies.uml.mindmap.MMUserIconManager <INFO> - file: C:\Users\allan\.astah\professional\JudeMMUserIconP.xml
2022-11-08 22:11:49,902 [AWT-EventQueue-0] JP.co.esm.caddies.jomt.jsystem.k <INFO> - file: C:\Users\allan\.astah\professional\JudeP.properties
2022-11-14 23:12:33,742 [main] JP.co.esm.caddies.jomt.Jude <INFO> - #### === Professional 8.5.0 / 39c620 ==============================
2022-11-14 23:12:33,747 [main] JP.co.esm.caddies.jomt.Jude <INFO> - start program args []
2022-11-14 23:12:33,798 [main] JP.co.esm.caddies.jomt.Jude <INFO> - start vm args [-Xms16m, -Xmx512m, -Dsun.java2d.d3d=false, -Djava.library.path=lib\rlm]
2022-11-14 23:12:35,154 [AWT-EventQueue-0] JP.co.esm.caddies.jomt.jview.swing.f <INFO> - invalid value. x is negative. x:-8, displayOriginX:0.0
2022-11-14 23:12:38,562 [Thread-3] JP.co.esm.caddies.jomt.jutil.Z <INFO> - This is the latest version of Astah.
2022-11-14 23:58:24,863 [AWT-EventQueue-0] JP.co.esm.caddies.uml.mindmap.MMUserIconManager <INFO> - file: C:\Users\allan\.astah\professional\JudeMMUserIconP.xml
2022-11-14 23:58:24,869 [AWT-EventQueue-0] JP.co.esm.caddies.uml.mindmap.MMUserIconManager <INFO> - file: C:\Users\allan\.astah\professional\JudeMMUserIconP.xml
2022-11-14 23:58:24,875 [AWT-EventQueue-0] JP.co.esm.caddies.jomt.jutil.m <INFO> - stack=5m
2022-11-14 23:58:24,880 [AWT-EventQueue-0] JP.co.esm.caddies.jomt.jsystem.k <INFO> - file: C:\Users\allan\.astah\professional\JudeP.properties
2022-11-19 18:59:07,286 [main] JP.co.esm.caddies.jomt.Jude <INFO> - #### === Professional 8.5.0 / 39c620 ==============================
2022-11-19 18:59:07,290 [main] JP.co.esm.caddies.jomt.Jude <INFO> - start program args []
2022-11-19 18:59:07,312 [main] JP.co.esm.caddies.jomt.Jude <INFO> - start vm args [-Xms16m, -Xmx512m, -Dsun.java2d.d3d=false, -Djava.library.path=lib\rlm]
2022-11-19 18:59:09,006 [AWT-EventQueue-0] JP.co.esm.caddies.jomt.jview.swing.f <INFO> - invalid value. x is oversize. displayRightEnd:1920.0 rightEnd:4808
2022-11-19 18:59:12,721 [Thread-3] JP.co.esm.caddies.jomt.jutil.Z <INFO> - This is the latest version of Astah.
2022-11-20 09:52:36,944 [AWT-EventQueue-0] JP.co.esm.caddies.golf.model.EntityStore <INFO> - saveAs: C:\Users\allan\OneDrive\Área de Trabalho\Loteria.asta
2022-11-20 09:52:36,970 [AWT-EventQueue-0] JP.co.esm.caddies.jomt.jutil.m <INFO> - stack=5m
2022-11-20 09:53:54,473 [AWT-EventQueue-0] JP.co.esm.caddies.uml.mindmap.MMUserIconManager <INFO> - file: C:\Users\allan\.astah\professional\JudeMMUserIconP.xml
2022-11-20 09:53:54,476 [AWT-EventQueue-0] JP.co.esm.caddies.uml.mindmap.MMUserIconManager <INFO> - file: C:\Users\allan\.astah\professional\JudeMMUserIconP.xml
2022-11-20 09:53:54,505 [AWT-EventQueue-0] JP.co.esm.caddies.jomt.jsystem.k <INFO> - file: C:\Users\allan\.astah\professional\JudeP.properties
2022-11-20 09:54:16,710 [main] JP.co.esm.caddies.jomt.Jude <INFO> - #### === Professional 8.5.0 / 39c620 ==============================
2022-11-20 09:54:16,713 [main] JP.co.esm.caddies.jomt.Jude <INFO> - start program args [C:\Users\allan\OneDrive\Área de Trabalho\Diagramas Trabalho\Loteria.asta]
2022-11-20 09:54:16,717 [main] JP.co.esm.caddies.jomt.Jude <INFO> - start vm args [-Xms16m, -Xmx512m, -Dsun.java2d.d3d=false, -Djava.library.path=lib\rlm]
2022-11-20 09:54:20,343 [Thread-3] JP.co.esm.caddies.jomt.jutil.Z <INFO> - This is the latest version of Astah.
2022-11-20 09:54:20,574 [AWT-EventQueue-0] JP.co.esm.caddies.jomt.jutil.m <INFO> - stack=5m
2022-11-20 09:55:09,688 [AWT-EventQueue-0] JP.co.esm.caddies.uml.mindmap.MMUserIconManager <INFO> - file: C:\Users\allan\.astah\professional\JudeMMUserIconP.xml
2022-11-20 09:55:09,795 [AWT-EventQueue-0] JP.co.esm.caddies.uml.mindmap.MMUserIconManager <INFO> - file: C:\Users\allan\.astah\professional\JudeMMUserIconP.xml
2022-11-20 09:55:09,831 [AWT-EventQueue-0] JP.co.esm.caddies.jomt.jsystem.k <INFO> - file: C:\Users\allan\.astah\professional\JudeP.properties
2022-11-20 09:55:23,789 [main] JP.co.esm.caddies.jomt.Jude <INFO> - #### === Professional 8.5.0 / 39c620 ==============================
2022-11-20 09:55:23,792 [main] JP.co.esm.caddies.jomt.Jude <INFO> - start program args []
2022-11-20 09:55:23,795 [main] JP.co.esm.caddies.jomt.Jude <INFO> - start vm args [-Xms16m, -Xmx512m, -Dsun.java2d.d3d=false, -Djava.library.path=lib\rlm]
2022-11-20 09:55:27,311 [Thread-3] JP.co.esm.caddies.jomt.jutil.Z <INFO> - This is the latest version of Astah.
2022-11-20 11:07:40,602 [AWT-EventQueue-0] JP.co.esm.caddies.golf.model.EntityStore <INFO> - saveAs: C:\Users\allan\OneDrive\Área de Trabalho\Diagramas Trabalho\Ordem de serviço.asta
2022-11-20 11:07:40,617 [AWT-EventQueue-0] JP.co.esm.caddies.jomt.jutil.m <INFO> - stack=5m
2022-11-20 11:08:59,010 [AWT-EventQueue-0] JP.co.esm.caddies.uml.mindmap.MMUserIconManager <INFO> - file: C:\Users\allan\.astah\professional\JudeMMUserIconP.xml
2022-11-20 11:08:59,014 [AWT-EventQueue-0] JP.co.esm.caddies.uml.mindmap.MMUserIconManager <INFO> - file: C:\Users\allan\.astah\professional\JudeMMUserIconP.xml
2022-11-20 11:08:59,021 [AWT-EventQueue-0] JP.co.esm.caddies.jomt.jsystem.k <INFO> - file: C:\Users\allan\.astah\professional\JudeP.properties
2022-11-20 11:10:39,524 [main] JP.co.esm.caddies.jomt.Jude <INFO> - #### === Professional 8.5.0 / 39c620 ==============================
2022-11-20 11:10:39,528 [main] JP.co.esm.caddies.jomt.Jude <INFO> - start program args []
2022-11-20 11:10:39,531 [main] JP.co.esm.caddies.jomt.Jude <INFO> - start vm args [-Xms16m, -Xmx512m, -Dsun.java2d.d3d=false, -Djava.library.path=lib\rlm]
2022-11-20 11:10:45,996 [Thread-3] JP.co.esm.caddies.jomt.jutil.Z <INFO> - This is the latest version of Astah.
2022-11-20 11:23:17,884 [AWT-EventQueue-0] JP.co.esm.caddies.golf.model.EntityStore <INFO> - saveAs: C:\Users\allan\OneDrive\Área de Trabalho\Diagramas Trabalho\Estacionamento.asta
2022-11-20 11:23:17,888 [AWT-EventQueue-0] JP.co.esm.caddies.jomt.jutil.m <INFO> - stack=5m
2022-11-20 11:45:15,268 [AWT-EventQueue-0] JP.co.esm.caddies.uml.mindmap.MMUserIconManager <INFO> - file: C:\Users\allan\.astah\professional\JudeMMUserIconP.xml
2022-11-20 11:45:15,272 [AWT-EventQueue-0] JP.co.esm.caddies.uml.mindmap.MMUserIconManager <INFO> - file: C:\Users\allan\.astah\professional\JudeMMUserIconP.xml
2022-11-20 11:45:15,279 [AWT-EventQueue-0] JP.co.esm.caddies.jomt.jsystem.k <INFO> - file: C:\Users\allan\.astah\professional\JudeP.properties
2022-11-20 11:45:25,115 [main] JP.co.esm.caddies.jomt.Jude <INFO> - #### === Professional 8.5.0 / 39c620 ==============================
2022-11-20 11:45:25,118 [main] JP.co.esm.caddies.jomt.Jude <INFO> - start program args []
2022-11-20 11:45:25,121 [main] JP.co.esm.caddies.jomt.Jude <INFO> - start vm args [-Xms16m, -Xmx512m, -Dsun.java2d.d3d=false, -Djava.library.path=lib\rlm]
2022-11-20 11:45:28,217 [Thread-3] JP.co.esm.caddies.jomt.jutil.Z <WARN> - Http connection can not be connected.
com.change_vision.platform.connectors.exception.NativeIOException: O servidor retornou uma resposta inválida ou não reconhecida
	at com.change_vision.platform.connectors.wininet.WinInetUtil.getLastErrorException(WinInetUtil.java:58)
	at com.change_vision.platform.connectors.impl.RequestHandle.httpSendRequest(RequestHandle.java:104)
	at com.change_vision.platform.connectors.NativeHttpURLConnection.sendRequest(NativeHttpURLConnection.java:372)
	at com.change_vision.platform.connectors.NativeHttpURLConnection.commit(NativeHttpURLConnection.java:313)
	at com.change_vision.platform.connectors.NativeHttpURLConnection.getResponseCode(NativeHttpURLConnection.java:139)
	at JP.co.esm.caddies.jomt.jutil.Z.b(X:139)
	at JP.co.esm.caddies.jomt.jutil.Z.a(X:68)
	at JP.co.esm.caddies.jomt.jutil.d.a(X:94)
	at JP.co.esm.caddies.jomt.jutil.b.a(X:39)
	at JP.co.esm.caddies.jomt.jutil.b.run(X:30)
	at java.lang.Thread.run(Thread.java:750)
2022-11-20 12:38:27,911 [AWT-EventQueue-0] JP.co.esm.caddies.golf.model.EntityStore <INFO> - saveAs: C:\Users\allan\OneDrive\Área de Trabalho\Diagramas Trabalho\Loteria Classe.asta
2022-11-20 12:38:27,915 [AWT-EventQueue-0] JP.co.esm.caddies.jomt.jutil.m <INFO> - stack=5m
2022-11-20 13:53:25,499 [AWT-EventQueue-0] JP.co.esm.caddies.uml.mindmap.MMUserIconManager <INFO> - file: C:\Users\allan\.astah\professional\JudeMMUserIconP.xml
2022-11-20 13:53:25,505 [AWT-EventQueue-0] JP.co.esm.caddies.uml.mindmap.MMUserIconManager <INFO> - file: C:\Users\allan\.astah\professional\JudeMMUserIconP.xml
2022-11-20 13:53:25,621 [AWT-EventQueue-0] JP.co.esm.caddies.jomt.jsystem.k <INFO> - file: C:\Users\allan\.astah\professional\JudeP.properties
2022-11-20 13:53:34,074 [main] JP.co.esm.caddies.jomt.Jude <INFO> - #### === Professional 8.5.0 / 39c620 ==============================
2022-11-20 13:53:34,076 [main] JP.co.esm.caddies.jomt.Jude <INFO> - start program args [C:\Users\allan\OneDrive\Área de Trabalho\Diagramas Trabalho\Loteria Classe.asta]
2022-11-20 13:53:34,079 [main] JP.co.esm.caddies.jomt.Jude <INFO> - start vm args [-Xms16m, -Xmx512m, -Dsun.java2d.d3d=false, -Djava.library.path=lib\rlm]
2022-11-20 13:53:37,952 [AWT-EventQueue-0] JP.co.esm.caddies.jomt.jutil.m <INFO> - stack=5m
2022-11-20 13:53:38,926 [Thread-3] JP.co.esm.caddies.jomt.jutil.Z <INFO> - This is the latest version of Astah.
2022-11-20 13:53:43,916 [AWT-EventQueue-0] JP.co.esm.caddies.uml.mindmap.MMUserIconManager <INFO> - file: C:\Users\allan\.astah\professional\JudeMMUserIconP.xml
2022-11-20 13:53:43,928 [AWT-EventQueue-0] JP.co.esm.caddies.uml.mindmap.MMUserIconManager <INFO> - file: C:\Users\allan\.astah\professional\JudeMMUserIconP.xml
2022-11-20 13:53:44,108 [AWT-EventQueue-0] JP.co.esm.caddies.jomt.jsystem.k <INFO> - file: C:\Users\allan\.astah\professional\JudeP.properties
2022-11-20 13:53:48,368 [main] JP.co.esm.caddies.jomt.Jude <INFO> - #### === Professional 8.5.0 / 39c620 ==============================
2022-11-20 13:53:48,371 [main] JP.co.esm.caddies.jomt.Jude <INFO> - start program args [C:\Users\allan\OneDrive\Área de Trabalho\Diagramas Trabalho\Estacionamento.asta]
2022-11-20 13:53:48,373 [main] JP.co.esm.caddies.jomt.Jude <INFO> - start vm args [-Xms16m, -Xmx512m, -Dsun.java2d.d3d=false, -Djava.library.path=lib\rlm]
2022-11-20 13:53:51,239 [AWT-EventQueue-0] JP.co.esm.caddies.jomt.jutil.m <INFO> - stack=5m
2022-11-20 13:53:52,132 [Thread-3] JP.co.esm.caddies.jomt.jutil.Z <INFO> - This is the latest version of Astah.
2022-11-20 13:53:56,847 [AWT-EventQueue-0] JP.co.esm.caddies.uml.mindmap.MMUserIconManager <INFO> - file: C:\Users\allan\.astah\professional\JudeMMUserIconP.xml
2022-11-20 13:53:56,857 [AWT-EventQueue-0] JP.co.esm.caddies.uml.mindmap.MMUserIconManager <INFO> - file: C:\Users\allan\.astah\professional\JudeMMUserIconP.xml
2022-11-20 13:53:56,899 [AWT-EventQueue-0] JP.co.esm.caddies.jomt.jsystem.k <INFO> - file: C:\Users\allan\.astah\professional\JudeP.properties
2022-11-20 13:54:57,079 [main] JP.co.esm.caddies.jomt.Jude <INFO> - #### === Professional 8.5.0 / 39c620 ==============================
2022-11-20 13:54:57,082 [main] JP.co.esm.caddies.jomt.Jude <INFO> - start program args []
2022-11-20 13:54:57,084 [main] JP.co.esm.caddies.jomt.Jude <INFO> - start vm args [-Xms16m, -Xmx512m, -Dsun.java2d.d3d=false, -Djava.library.path=lib\rlm]
2022-11-20 13:55:01,311 [Thread-3] JP.co.esm.caddies.jomt.jutil.Z <INFO> - This is the latest version of Astah.
2022-11-20 14:33:24,247 [AWT-EventQueue-0] JP.co.esm.caddies.golf.model.EntityStore <INFO> - saveAs: C:\Users\allan\OneDrive\Área de Trabalho\Diagramas Trabalho\Estacionamento Classe.asta
2022-11-20 14:33:24,255 [AWT-EventQueue-0] JP.co.esm.caddies.jomt.jutil.m <INFO> - stack=5m
2022-11-20 15:20:53,801 [SIGTERM handler] JP.co.esm.caddies.uml.mindmap.MMUserIconManager <INFO> - file: C:\Users\allan\.astah\professional\JudeMMUserIconP.xml
2022-11-20 15:20:53,805 [SIGTERM handler] JP.co.esm.caddies.uml.mindmap.MMUserIconManager <INFO> - file: C:\Users\allan\.astah\professional\JudeMMUserIconP.xml
2022-11-20 15:20:53,814 [SIGTERM handler] JP.co.esm.caddies.jomt.jsystem.k <INFO> - file: C:\Users\allan\.astah\professional\JudeP.properties
2022-11-29 20:03:49,940 [main] JP.co.esm.caddies.jomt.Jude <INFO> - #### === Professional 8.5.0 / 39c620 ==============================
2022-11-29 20:03:49,951 [main] JP.co.esm.caddies.jomt.Jude <INFO> - start program args [C:\Users\allan\OneDrive\Área de Trabalho\Class Diagram0.asta]
2022-11-29 20:03:49,978 [main] JP.co.esm.caddies.jomt.Jude <INFO> - start vm args [-Xms16m, -Xmx512m, -Dsun.java2d.d3d=false, -Djava.library.path=lib\rlm]
2022-11-29 20:03:52,112 [AWT-EventQueue-0] JP.co.esm.caddies.jomt.jview.swing.f <INFO> - invalid value. x is oversize. displayRightEnd:1920.0 rightEnd:1928
2022-11-29 20:03:55,931 [AWT-EventQueue-0] JP.co.esm.caddies.jomt.jutil.m <INFO> - stack=5m
2022-11-29 20:11:41,535 [main] JP.co.esm.caddies.jomt.Jude <INFO> - #### === Professional 8.5.0 / 39c620 ==============================
2022-11-29 20:11:41,538 [main] JP.co.esm.caddies.jomt.Jude <INFO> - start program args []
2022-11-29 20:11:41,541 [main] JP.co.esm.caddies.jomt.Jude <INFO> - start vm args [-Xms16m, -Xmx512m, -Dsun.java2d.d3d=false, -Djava.library.path=lib\rlm]
2022-11-29 20:11:42,479 [AWT-EventQueue-0] JP.co.esm.caddies.jomt.jview.swing.f <INFO> - invalid value. x is oversize. displayRightEnd:1920.0 rightEnd:1928
2022-11-29 20:11:49,652 [AWT-EventQueue-0] JP.co.esm.caddies.jomt.jutil.m <INFO> - stack=5m
2022-11-29 20:11:58,026 [main] JP.co.esm.caddies.jomt.Jude <INFO> - #### === Professional 8.5.0 / 39c620 ==============================
2022-11-29 20:11:58,029 [main] JP.co.esm.caddies.jomt.Jude <INFO> - start program args [C:\Users\allan\OneDrive\Área de Trabalho\Class Diagram0.asta]
2022-11-29 20:11:58,032 [main] JP.co.esm.caddies.jomt.Jude <INFO> - start vm args [-Xms16m, -Xmx512m, -Dsun.java2d.d3d=false, -Djava.library.path=lib\rlm]
2022-11-29 20:11:59,001 [AWT-EventQueue-0] JP.co.esm.caddies.jomt.jview.swing.f <INFO> - invalid value. x is oversize. displayRightEnd:1920.0 rightEnd:1928
2022-11-29 20:12:08,860 [AWT-EventQueue-0] JP.co.esm.caddies.jomt.jutil.m <INFO> - stack=5m
2022-12-12 21:43:28,460 [main] JP.co.esm.caddies.jomt.Jude <INFO> - #### === Professional 8.5.0 / 39c620 ==============================
2022-12-12 21:43:28,484 [main] JP.co.esm.caddies.jomt.Jude <INFO> - start program args [C:\Users\allan\OneDrive\Área de Trabalho\Class Diagram0.asta]
2022-12-12 21:43:28,562 [main] JP.co.esm.caddies.jomt.Jude <INFO> - start vm args [-Xms16m, -Xmx512m, -Dsun.java2d.d3d=false, -Djava.library.path=lib\rlm]
2022-12-12 21:43:32,375 [AWT-EventQueue-0] JP.co.esm.caddies.jomt.jview.swing.f <INFO> - invalid value. x is oversize. displayRightEnd:1920.0 rightEnd:1928
2022-12-12 21:43:42,698 [AWT-EventQueue-0] JP.co.esm.caddies.jomt.jutil.m <INFO> - stack=5m
